<?xml version="1.0" encoding="UTF-8" ?>
<testsuite failures="0" time="0.012" errors="0" skipped="0" tests="4" name="org.helio.cil.FileBasedHITRepositoryTest">
  <properties>
[...]
</properties>
  <testcase time="0.003" classname="org.helio.cil.FileBasedHITRepositoryTest" name="testAddUser"/>
  <testcase time="0.002" classname="org.helio.cil.FileBasedHITRepositoryTest" name="testGetUserProfileFor"/>
  <testcase time="0.001" classname="org.helio.cil.FileBasedHITRepositoryTest" name="testIsUserPresent"/>
  <testcase time="0.004" classname="org.helio.cil.FileBasedHITRepositoryTest" name="testValidateUser"/>
</testsuite>